2015-06-04 17:01:51 - PHP Notice:  Use of undefined constant image - assumed 'image' in /var/www/starbucks.com/catalog/view/theme/default/template/module/category_widget.tpl on line 4
2015-06-04 17:01:51 - PHP Notice:  Use of undefined constant image - assumed 'image' in /var/www/starbucks.com/catalog/view/theme/default/template/module/category_widget.tpl on line 4
2015-06-04 17:01:51 - PHP Notice:  Use of undefined constant image - assumed 'image' in /var/www/starbucks.com/catalog/view/theme/default/template/module/category_widget.tpl on line 4
2015-06-04 17:01:51 - PHP Notice:  Use of undefined constant image - assumed 'image' in /var/www/starbucks.com/catalog/view/theme/default/template/module/category_widget.tpl on line 4
2015-06-04 17:01:51 - PHP Notice:  Use of undefined constant image - assumed 'image' in /var/www/starbucks.com/catalog/view/theme/default/template/module/category_widget.tpl on line 4
2015-06-04 17:01:51 - PHP Notice:  Use of undefined constant image - assumed 'image' in /var/www/starbucks.com/catalog/view/theme/default/template/module/category_widget.tpl on line 4
2015-06-04 17:02:26 - PHP Notice:  Use of undefined constant image - assumed 'image' in /var/www/starbucks.com/catalog/view/theme/default/template/module/category_widget.tpl on line 4
2015-06-04 17:02:26 - PHP Notice:  Use of undefined constant image - assumed 'image' in /var/www/starbucks.com/catalog/view/theme/default/template/module/category_widget.tpl on line 4
2015-06-04 17:02:26 - PHP Notice:  Use of undefined constant image - assumed 'image' in /var/www/starbucks.com/catalog/view/theme/default/template/module/category_widget.tpl on line 4
2015-06-04 17:02:26 - PHP Notice:  Use of undefined constant image - assumed 'image' in /var/www/starbucks.com/catalog/view/theme/default/template/module/category_widget.tpl on line 4
2015-06-04 17:02:26 - PHP Notice:  Use of undefined constant image - assumed 'image' in /var/www/starbucks.com/catalog/view/theme/default/template/module/category_widget.tpl on line 4
2015-06-04 17:02:26 - PHP Notice:  Use of undefined constant image - assumed 'image' in /var/www/starbucks.com/catalog/view/theme/default/template/module/category_widget.tpl on line 4
2015-06-04 17:03:01 - PHP Notice:  Use of undefined constant image - assumed 'image' in /var/www/starbucks.com/catalog/view/theme/default/template/module/category_widget.tpl on line 4
2015-06-04 17:03:01 - PHP Notice:  Use of undefined constant image - assumed 'image' in /var/www/starbucks.com/catalog/view/theme/default/template/module/category_widget.tpl on line 4
2015-06-04 17:03:01 - PHP Notice:  Use of undefined constant image - assumed 'image' in /var/www/starbucks.com/catalog/view/theme/default/template/module/category_widget.tpl on line 4
2015-06-04 17:03:01 - PHP Notice:  Use of undefined constant image - assumed 'image' in /var/www/starbucks.com/catalog/view/theme/default/template/module/category_widget.tpl on line 4
2015-06-04 17:03:01 - PHP Notice:  Use of undefined constant image - assumed 'image' in /var/www/starbucks.com/catalog/view/theme/default/template/module/category_widget.tpl on line 4
2015-06-04 17:03:01 - PHP Notice:  Use of undefined constant image - assumed 'image' in /var/www/starbucks.com/catalog/view/theme/default/template/module/category_widget.tpl on line 4
2015-06-04 17:03:03 - PHP Notice:  Use of undefined constant image - assumed 'image' in /var/www/starbucks.com/catalog/view/theme/default/template/module/category_widget.tpl on line 4
2015-06-04 17:03:03 - PHP Notice:  Use of undefined constant image - assumed 'image' in /var/www/starbucks.com/catalog/view/theme/default/template/module/category_widget.tpl on line 4
2015-06-04 17:03:03 - PHP Notice:  Use of undefined constant image - assumed 'image' in /var/www/starbucks.com/catalog/view/theme/default/template/module/category_widget.tpl on line 4
2015-06-04 17:03:03 - PHP Notice:  Use of undefined constant image - assumed 'image' in /var/www/starbucks.com/catalog/view/theme/default/template/module/category_widget.tpl on line 4
2015-06-04 17:03:03 - PHP Notice:  Use of undefined constant image - assumed 'image' in /var/www/starbucks.com/catalog/view/theme/default/template/module/category_widget.tpl on line 4
2015-06-04 17:03:03 - PHP Notice:  Use of undefined constant image - assumed 'image' in /var/www/starbucks.com/catalog/view/theme/default/template/module/category_widget.tpl on line 4
2015-06-04 17:03:04 - PHP Notice:  Use of undefined constant image - assumed 'image' in /var/www/starbucks.com/catalog/view/theme/default/template/module/category_widget.tpl on line 4
2015-06-04 17:03:04 - PHP Notice:  Use of undefined constant image - assumed 'image' in /var/www/starbucks.com/catalog/view/theme/default/template/module/category_widget.tpl on line 4
2015-06-04 17:03:04 - PHP Notice:  Use of undefined constant image - assumed 'image' in /var/www/starbucks.com/catalog/view/theme/default/template/module/category_widget.tpl on line 4
2015-06-04 17:03:04 - PHP Notice:  Use of undefined constant image - assumed 'image' in /var/www/starbucks.com/catalog/view/theme/default/template/module/category_widget.tpl on line 4
2015-06-04 17:03:04 - PHP Notice:  Use of undefined constant image - assumed 'image' in /var/www/starbucks.com/catalog/view/theme/default/template/module/category_widget.tpl on line 4
2015-06-04 17:03:04 - PHP Notice:  Use of undefined constant image - assumed 'image' in /var/www/starbucks.com/catalog/view/theme/default/template/module/category_widget.tpl on line 4
2015-06-04 17:04:09 - PHP Notice:  Use of undefined constant image - assumed 'image' in /var/www/starbucks.com/catalog/view/theme/default/template/module/category_widget.tpl on line 4
2015-06-04 17:04:09 - PHP Notice:  Use of undefined constant image - assumed 'image' in /var/www/starbucks.com/catalog/view/theme/default/template/module/category_widget.tpl on line 4
2015-06-04 17:04:09 - PHP Notice:  Use of undefined constant image - assumed 'image' in /var/www/starbucks.com/catalog/view/theme/default/template/module/category_widget.tpl on line 4
2015-06-04 17:04:09 - PHP Notice:  Use of undefined constant image - assumed 'image' in /var/www/starbucks.com/catalog/view/theme/default/template/module/category_widget.tpl on line 4
2015-06-04 17:04:09 - PHP Notice:  Use of undefined constant image - assumed 'image' in /var/www/starbucks.com/catalog/view/theme/default/template/module/category_widget.tpl on line 4
2015-06-04 17:04:09 - PHP Notice:  Use of undefined constant image - assumed 'image' in /var/www/starbucks.com/catalog/view/theme/default/template/module/category_widget.tpl on line 4
2015-06-04 17:04:12 - PHP Notice:  Use of undefined constant image - assumed 'image' in /var/www/starbucks.com/catalog/view/theme/default/template/module/category_widget.tpl on line 4
2015-06-04 17:04:12 - PHP Notice:  Use of undefined constant image - assumed 'image' in /var/www/starbucks.com/catalog/view/theme/default/template/module/category_widget.tpl on line 4
2015-06-04 17:04:12 - PHP Notice:  Use of undefined constant image - assumed 'image' in /var/www/starbucks.com/catalog/view/theme/default/template/module/category_widget.tpl on line 4
2015-06-04 17:04:12 - PHP Notice:  Use of undefined constant image - assumed 'image' in /var/www/starbucks.com/catalog/view/theme/default/template/module/category_widget.tpl on line 4
2015-06-04 17:04:12 - PHP Notice:  Use of undefined constant image - assumed 'image' in /var/www/starbucks.com/catalog/view/theme/default/template/module/category_widget.tpl on line 4
2015-06-04 17:04:12 - PHP Notice:  Use of undefined constant image - assumed 'image' in /var/www/starbucks.com/catalog/view/theme/default/template/module/category_widget.tpl on line 4
2015-06-04 17:04:22 - PHP Notice:  Use of undefined constant image - assumed 'image' in /var/www/starbucks.com/catalog/view/theme/default/template/module/category_widget.tpl on line 4
2015-06-04 17:04:22 - PHP Notice:  Use of undefined constant image - assumed 'image' in /var/www/starbucks.com/catalog/view/theme/default/template/module/category_widget.tpl on line 4
2015-06-04 17:04:22 - PHP Notice:  Use of undefined constant image - assumed 'image' in /var/www/starbucks.com/catalog/view/theme/default/template/module/category_widget.tpl on line 4
2015-06-04 17:04:22 - PHP Notice:  Use of undefined constant image - assumed 'image' in /var/www/starbucks.com/catalog/view/theme/default/template/module/category_widget.tpl on line 4
2015-06-04 17:04:22 - PHP Notice:  Use of undefined constant image - assumed 'image' in /var/www/starbucks.com/catalog/view/theme/default/template/module/category_widget.tpl on line 4
2015-06-04 17:04:22 - PHP Notice:  Use of undefined constant image - assumed 'image' in /var/www/starbucks.com/catalog/view/theme/default/template/module/category_widget.tpl on line 4
2015-06-04 17:05:23 - PHP Notice:  Use of undefined constant image - assumed 'image' in /var/www/starbucks.com/catalog/view/theme/default/template/module/category_widget.tpl on line 4
2015-06-04 17:05:23 - PHP Notice:  Use of undefined constant image - assumed 'image' in /var/www/starbucks.com/catalog/view/theme/default/template/module/category_widget.tpl on line 4
2015-06-04 17:05:23 - PHP Notice:  Use of undefined constant image - assumed 'image' in /var/www/starbucks.com/catalog/view/theme/default/template/module/category_widget.tpl on line 4
2015-06-04 17:05:23 - PHP Notice:  Use of undefined constant image - assumed 'image' in /var/www/starbucks.com/catalog/view/theme/default/template/module/category_widget.tpl on line 4
2015-06-04 17:05:23 - PHP Notice:  Use of undefined constant image - assumed 'image' in /var/www/starbucks.com/catalog/view/theme/default/template/module/category_widget.tpl on line 4
2015-06-04 17:05:23 - PHP Notice:  Use of undefined constant image - assumed 'image' in /var/www/starbucks.com/catalog/view/theme/default/template/module/category_widget.tpl on line 4
2015-06-05 8:01:43 - PHP Notice:  Use of undefined constant название - assumed 'название' in /var/www/starbucks.com/admin/view/template/design/banner_form.tpl on line 109
2015-06-05 8:01:48 - PHP Notice:  Use of undefined constant название - assumed 'название' in /var/www/starbucks.com/admin/view/template/design/banner_form.tpl on line 109
2015-06-05 8:02:04 - PHP Notice:  Use of undefined constant название - assumed 'название' in /var/www/starbucks.com/admin/view/template/design/banner_form.tpl on line 109
2015-06-05 8:16:24 - PHP Notice:  Undefined index: head in /var/www/starbucks.com/admin/model/design/banner.php on line 37
2015-06-05 8:19:04 - PHP Notice:  Undefined index: banner_image in /var/www/starbucks.com/admin/model/design/banner.php on line 46
2015-06-05 8:20:44 - PHP Notice:  Undefined variable: entry_head in /var/www/starbucks.com/admin/view/template/design/banner_form.tpl on line 109
2015-06-05 8:20:45 - PHP Notice:  Undefined variable: entry_head in /var/www/starbucks.com/admin/view/template/design/banner_form.tpl on line 109
2015-06-05 8:27:27 - PHP Notice:  Undefined index: banner_image in /var/www/starbucks.com/admin/model/design/banner.php on line 46
2015-06-05 8:27:29 - PHP Notice:  Undefined variable: entry_head in /var/www/starbucks.com/admin/view/template/design/banner_form.tpl on line 109
2015-06-05 8:36:29 - PHP Notice:  Undefined index: banner_image in /var/www/starbucks.com/admin/model/design/banner.php on line 46
2015-06-05 8:36:49 - PHP Notice:  Undefined index: head in /var/www/starbucks.com/admin/model/design/banner.php on line 37
2015-06-05 8:37:04 - PHP Notice:  Undefined index: head in /var/www/starbucks.com/admin/model/design/banner.php on line 37
2015-06-05 8:37:25 - PHP Notice:  Undefined index: head in /var/www/starbucks.com/admin/model/design/banner.php on line 37
2015-06-05 8:37:37 - PHP Notice:  Undefined variable: entry_head in /var/www/starbucks.com/admin/view/template/design/banner_form.tpl on line 109
2015-06-05 8:37:42 - PHP Notice:  Undefined variable: entry_head in /var/www/starbucks.com/admin/view/template/design/banner_form.tpl on line 109
2015-06-05 8:39:23 - PHP Notice:  Undefined index: head in /var/www/starbucks.com/admin/model/design/banner.php on line 37
2015-06-05 8:40:24 - PHP Notice:  Undefined index: head in /var/www/starbucks.com/admin/model/design/banner.php on line 37
2015-06-05 8:42:08 - PHP Notice:  Undefined index: head in /var/www/starbucks.com/admin/model/design/banner.php on line 37
2015-06-05 9:27:32 - PHP Warning:  array_chunk(): Size parameter expected to be greater than 0 in /var/www/starbucks.com/catalog/view/theme/default/template/common/header.tpl on line 68
2015-06-05 9:27:32 - PHP Warning:  Invalid argument supplied for foreach() in /var/www/starbucks.com/catalog/view/theme/default/template/common/header.tpl on line 68
2015-06-05 9:27:32 - PHP Warning:  array_chunk(): Size parameter expected to be greater than 0 in /var/www/starbucks.com/catalog/view/theme/default/template/common/header.tpl on line 68
2015-06-05 9:27:32 - PHP Warning:  Invalid argument supplied for foreach() in /var/www/starbucks.com/catalog/view/theme/default/template/common/header.tpl on line 68
2015-06-05 9:27:32 - PHP Warning:  array_chunk(): Size parameter expected to be greater than 0 in /var/www/starbucks.com/catalog/view/theme/default/template/common/header.tpl on line 68
2015-06-05 9:27:32 - PHP Warning:  Invalid argument supplied for foreach() in /var/www/starbucks.com/catalog/view/theme/default/template/common/header.tpl on line 68
2015-06-05 9:27:32 - PHP Warning:  array_chunk(): Size parameter expected to be greater than 0 in /var/www/starbucks.com/catalog/view/theme/default/template/common/header.tpl on line 68
2015-06-05 9:27:32 - PHP Warning:  Invalid argument supplied for foreach() in /var/www/starbucks.com/catalog/view/theme/default/template/common/header.tpl on line 68
2015-06-05 9:27:32 - PHP Warning:  array_chunk(): Size parameter expected to be greater than 0 in /var/www/starbucks.com/catalog/view/theme/default/template/common/header.tpl on line 68
2015-06-05 9:27:32 - PHP Warning:  Invalid argument supplied for foreach() in /var/www/starbucks.com/catalog/view/theme/default/template/common/header.tpl on line 68
2015-06-05 9:27:41 - PHP Warning:  array_chunk(): Size parameter expected to be greater than 0 in /var/www/starbucks.com/catalog/view/theme/default/template/common/header.tpl on line 68
2015-06-05 9:27:41 - PHP Warning:  Invalid argument supplied for foreach() in /var/www/starbucks.com/catalog/view/theme/default/template/common/header.tpl on line 68
2015-06-05 9:27:41 - PHP Warning:  array_chunk(): Size parameter expected to be greater than 0 in /var/www/starbucks.com/catalog/view/theme/default/template/common/header.tpl on line 68
2015-06-05 9:27:41 - PHP Warning:  Invalid argument supplied for foreach() in /var/www/starbucks.com/catalog/view/theme/default/template/common/header.tpl on line 68
2015-06-05 9:27:41 - PHP Warning:  array_chunk(): Size parameter expected to be greater than 0 in /var/www/starbucks.com/catalog/view/theme/default/template/common/header.tpl on line 68
2015-06-05 9:27:41 - PHP Warning:  Invalid argument supplied for foreach() in /var/www/starbucks.com/catalog/view/theme/default/template/common/header.tpl on line 68
2015-06-05 9:27:41 - PHP Warning:  array_chunk(): Size parameter expected to be greater than 0 in /var/www/starbucks.com/catalog/view/theme/default/template/common/header.tpl on line 68
2015-06-05 9:27:41 - PHP Warning:  Invalid argument supplied for foreach() in /var/www/starbucks.com/catalog/view/theme/default/template/common/header.tpl on line 68
2015-06-05 9:27:41 - PHP Warning:  array_chunk(): Size parameter expected to be greater than 0 in /var/www/starbucks.com/catalog/view/theme/default/template/common/header.tpl on line 68
2015-06-05 9:27:41 - PHP Warning:  Invalid argument supplied for foreach() in /var/www/starbucks.com/catalog/view/theme/default/template/common/header.tpl on line 68
2015-06-05 9:27:43 - PHP Warning:  array_chunk(): Size parameter expected to be greater than 0 in /var/www/starbucks.com/catalog/view/theme/default/template/common/header.tpl on line 68
2015-06-05 9:27:43 - PHP Warning:  Invalid argument supplied for foreach() in /var/www/starbucks.com/catalog/view/theme/default/template/common/header.tpl on line 68
2015-06-05 9:27:43 - PHP Warning:  array_chunk(): Size parameter expected to be greater than 0 in /var/www/starbucks.com/catalog/view/theme/default/template/common/header.tpl on line 68
2015-06-05 9:27:43 - PHP Warning:  Invalid argument supplied for foreach() in /var/www/starbucks.com/catalog/view/theme/default/template/common/header.tpl on line 68
2015-06-05 9:27:43 - PHP Warning:  array_chunk(): Size parameter expected to be greater than 0 in /var/www/starbucks.com/catalog/view/theme/default/template/common/header.tpl on line 68
2015-06-05 9:27:43 - PHP Warning:  Invalid argument supplied for foreach() in /var/www/starbucks.com/catalog/view/theme/default/template/common/header.tpl on line 68
2015-06-05 9:27:43 - PHP Warning:  array_chunk(): Size parameter expected to be greater than 0 in /var/www/starbucks.com/catalog/view/theme/default/template/common/header.tpl on line 68
2015-06-05 9:27:43 - PHP Warning:  Invalid argument supplied for foreach() in /var/www/starbucks.com/catalog/view/theme/default/template/common/header.tpl on line 68
2015-06-05 9:27:43 - PHP Warning:  array_chunk(): Size parameter expected to be greater than 0 in /var/www/starbucks.com/catalog/view/theme/default/template/common/header.tpl on line 68
2015-06-05 9:27:43 - PHP Warning:  Invalid argument supplied for foreach() in /var/www/starbucks.com/catalog/view/theme/default/template/common/header.tpl on line 68
2015-06-05 9:28:05 - PHP Warning:  array_chunk(): Size parameter expected to be greater than 0 in /var/www/starbucks.com/catalog/view/theme/default/template/common/header.tpl on line 68
2015-06-05 9:28:05 - PHP Warning:  Invalid argument supplied for foreach() in /var/www/starbucks.com/catalog/view/theme/default/template/common/header.tpl on line 68
2015-06-05 9:28:05 - PHP Warning:  array_chunk(): Size parameter expected to be greater than 0 in /var/www/starbucks.com/catalog/view/theme/default/template/common/header.tpl on line 68
2015-06-05 9:28:05 - PHP Warning:  Invalid argument supplied for foreach() in /var/www/starbucks.com/catalog/view/theme/default/template/common/header.tpl on line 68
2015-06-05 9:28:05 - PHP Warning:  array_chunk(): Size parameter expected to be greater than 0 in /var/www/starbucks.com/catalog/view/theme/default/template/common/header.tpl on line 68
2015-06-05 9:28:05 - PHP Warning:  Invalid argument supplied for foreach() in /var/www/starbucks.com/catalog/view/theme/default/template/common/header.tpl on line 68
2015-06-05 9:28:05 - PHP Warning:  array_chunk(): Size parameter expected to be greater than 0 in /var/www/starbucks.com/catalog/view/theme/default/template/common/header.tpl on line 68
2015-06-05 9:28:05 - PHP Warning:  Invalid argument supplied for foreach() in /var/www/starbucks.com/catalog/view/theme/default/template/common/header.tpl on line 68
2015-06-05 9:28:05 - PHP Warning:  array_chunk(): Size parameter expected to be greater than 0 in /var/www/starbucks.com/catalog/view/theme/default/template/common/header.tpl on line 68
2015-06-05 9:28:05 - PHP Warning:  Invalid argument supplied for foreach() in /var/www/starbucks.com/catalog/view/theme/default/template/common/header.tpl on line 68
2015-06-05 9:32:53 - PHP Notice:  Use of undefined constant href - assumed 'href' in /var/www/starbucks.com/catalog/view/theme/default/template/common/header.tpl on line 65
2015-06-05 9:33:42 - PHP Notice:  Use of undefined constant hui - assumed 'hui' in /var/www/starbucks.com/catalog/view/theme/default/template/common/header.tpl on line 65
2015-06-05 9:34:17 - PHP Notice:  Use of undefined constant hui - assumed 'hui' in /var/www/starbucks.com/catalog/view/theme/default/template/common/header.tpl on line 65
2015-06-05 12:34:19 - PHP Notice:  Undefined index: image in /var/www/starbucks.com/catalog/view/theme/default/template/common/header.tpl on line 71
2015-06-05 12:34:19 - PHP Notice:  Undefined index: image in /var/www/starbucks.com/catalog/view/theme/default/template/common/header.tpl on line 71
2015-06-05 12:34:20 - PHP Notice:  Undefined index: image in /var/www/starbucks.com/catalog/view/theme/default/template/common/header.tpl on line 71
2015-06-05 12:34:20 - PHP Notice:  Undefined index: image in /var/www/starbucks.com/catalog/view/theme/default/template/common/header.tpl on line 71
2015-06-05 12:34:20 - PHP Notice:  Undefined index: image in /var/www/starbucks.com/catalog/view/theme/default/template/common/header.tpl on line 71
2015-06-05 12:34:20 - PHP Notice:  Undefined index: image in /var/www/starbucks.com/catalog/view/theme/default/template/common/header.tpl on line 71
2015-06-05 12:37:57 - PHP Notice:  Undefined index: image in /var/www/starbucks.com/catalog/view/theme/default/template/common/header.tpl on line 71
2015-06-05 12:37:57 - PHP Notice:  Undefined index: image in /var/www/starbucks.com/catalog/view/theme/default/template/common/header.tpl on line 71
2015-06-05 12:44:57 - PHP Notice:  Undefined variable: category in /var/www/starbucks.com/catalog/controller/common/header.php on line 96
2015-06-05 12:45:14 - PHP Notice:  Array to string conversion in /var/www/starbucks.com/catalog/controller/common/header.php on line 98
2015-06-05 12:45:14 - PHP Notice:  Array to string conversion in /var/www/starbucks.com/catalog/controller/common/header.php on line 98
2015-06-05 12:45:14 - PHP Notice:  Array to string conversion in /var/www/starbucks.com/catalog/controller/common/header.php on line 98
2015-06-05 12:45:14 - PHP Notice:  Array to string conversion in /var/www/starbucks.com/catalog/controller/common/header.php on line 98
2015-06-05 12:45:14 - PHP Notice:  Array to string conversion in /var/www/starbucks.com/catalog/controller/common/header.php on line 98
2015-06-05 12:45:14 - PHP Notice:  Array to string conversion in /var/www/starbucks.com/catalog/controller/common/header.php on line 98
2015-06-05 13:33:16 - PHP Notice:  Undefined variable: informations in /var/www/starbucks.com/catalog/view/theme/default/template/common/header.tpl on line 44
2015-06-05 13:33:16 - PHP Warning:  Invalid argument supplied for foreach() in /var/www/starbucks.com/catalog/view/theme/default/template/common/header.tpl on line 44
2015-06-05 14:36:38 - PHP Notice:  Undefined variable: forgotten in /var/www/starbucks.com/catalog/view/theme/default/template/common/header.tpl on line 70
2015-06-05 14:36:44 - PHP Notice:  Undefined variable: forgotten in /var/www/starbucks.com/catalog/view/theme/default/template/common/header.tpl on line 70
2015-06-05 14:36:46 - PHP Notice:  Undefined variable: forgotten in /var/www/starbucks.com/catalog/view/theme/default/template/common/header.tpl on line 70
2015-06-05 14:37:00 - PHP Notice:  Undefined variable: forgotten in /var/www/starbucks.com/catalog/view/theme/default/template/common/header.tpl on line 70
2015-06-06 9:51:49 - PHP Notice:  Undefined index: href in /var/www/starbucks.com/catalog/view/theme/default/template/module/latest.tpl on line 6
2015-06-06 9:51:49 - PHP Notice:  Undefined index: href in /var/www/starbucks.com/catalog/view/theme/default/template/module/latest.tpl on line 8
2015-06-06 9:51:49 - PHP Notice:  Undefined index: href in /var/www/starbucks.com/catalog/view/theme/default/template/module/latest.tpl on line 6
2015-06-06 9:51:49 - PHP Notice:  Undefined index: href in /var/www/starbucks.com/catalog/view/theme/default/template/module/latest.tpl on line 8
2015-06-06 9:51:49 - PHP Notice:  Undefined index: href in /var/www/starbucks.com/catalog/view/theme/default/template/module/latest.tpl on line 6
2015-06-06 9:51:49 - PHP Notice:  Undefined index: href in /var/www/starbucks.com/catalog/view/theme/default/template/module/latest.tpl on line 8
2015-06-06 9:51:49 - PHP Notice:  Undefined index: href in /var/www/starbucks.com/catalog/view/theme/default/template/module/latest.tpl on line 6
2015-06-06 9:51:49 - PHP Notice:  Undefined index: href in /var/www/starbucks.com/catalog/view/theme/default/template/module/latest.tpl on line 8
2015-06-06 9:51:54 - PHP Notice:  Undefined index: href in /var/www/starbucks.com/catalog/view/theme/default/template/module/latest.tpl on line 6
2015-06-06 9:51:54 - PHP Notice:  Undefined index: href in /var/www/starbucks.com/catalog/view/theme/default/template/module/latest.tpl on line 8
2015-06-06 9:51:54 - PHP Notice:  Undefined index: href in /var/www/starbucks.com/catalog/view/theme/default/template/module/latest.tpl on line 6
2015-06-06 9:51:54 - PHP Notice:  Undefined index: href in /var/www/starbucks.com/catalog/view/theme/default/template/module/latest.tpl on line 8
2015-06-06 9:51:54 - PHP Notice:  Undefined index: href in /var/www/starbucks.com/catalog/view/theme/default/template/module/latest.tpl on line 6
2015-06-06 9:51:54 - PHP Notice:  Undefined index: href in /var/www/starbucks.com/catalog/view/theme/default/template/module/latest.tpl on line 8
2015-06-06 9:51:54 - PHP Notice:  Undefined index: href in /var/www/starbucks.com/catalog/view/theme/default/template/module/latest.tpl on line 6
2015-06-06 9:51:54 - PHP Notice:  Undefined index: href in /var/www/starbucks.com/catalog/view/theme/default/template/module/latest.tpl on line 8
2015-06-06 9:51:56 - PHP Notice:  Undefined index: href in /var/www/starbucks.com/catalog/view/theme/default/template/module/latest.tpl on line 6
2015-06-06 9:51:56 - PHP Notice:  Undefined index: href in /var/www/starbucks.com/catalog/view/theme/default/template/module/latest.tpl on line 8
2015-06-06 9:51:56 - PHP Notice:  Undefined index: href in /var/www/starbucks.com/catalog/view/theme/default/template/module/latest.tpl on line 6
2015-06-06 9:51:56 - PHP Notice:  Undefined index: href in /var/www/starbucks.com/catalog/view/theme/default/template/module/latest.tpl on line 8
2015-06-06 9:51:56 - PHP Notice:  Undefined index: href in /var/www/starbucks.com/catalog/view/theme/default/template/module/latest.tpl on line 6
2015-06-06 9:51:56 - PHP Notice:  Undefined index: href in /var/www/starbucks.com/catalog/view/theme/default/template/module/latest.tpl on line 8
2015-06-06 9:51:56 - PHP Notice:  Undefined index: href in /var/www/starbucks.com/catalog/view/theme/default/template/module/latest.tpl on line 6
2015-06-06 9:51:56 - PHP Notice:  Undefined index: href in /var/www/starbucks.com/catalog/view/theme/default/template/module/latest.tpl on line 8
2015-06-06 9:51:58 - PHP Notice:  Undefined index: href in /var/www/starbucks.com/catalog/view/theme/default/template/module/latest.tpl on line 6
2015-06-06 9:51:58 - PHP Notice:  Undefined index: href in /var/www/starbucks.com/catalog/view/theme/default/template/module/latest.tpl on line 8
2015-06-06 9:51:58 - PHP Notice:  Undefined index: href in /var/www/starbucks.com/catalog/view/theme/default/template/module/latest.tpl on line 6
2015-06-06 9:51:58 - PHP Notice:  Undefined index: href in /var/www/starbucks.com/catalog/view/theme/default/template/module/latest.tpl on line 8
2015-06-06 9:51:58 - PHP Notice:  Undefined index: href in /var/www/starbucks.com/catalog/view/theme/default/template/module/latest.tpl on line 6
2015-06-06 9:51:58 - PHP Notice:  Undefined index: href in /var/www/starbucks.com/catalog/view/theme/default/template/module/latest.tpl on line 8
2015-06-06 9:51:58 - PHP Notice:  Undefined index: href in /var/www/starbucks.com/catalog/view/theme/default/template/module/latest.tpl on line 6
2015-06-06 9:51:58 - PHP Notice:  Undefined index: href in /var/www/starbucks.com/catalog/view/theme/default/template/module/latest.tpl on line 8
2015-06-08 7:00:23 - PHP Notice:  Undefined variable: text_information in /var/www/starbucks.com/catalog/view/theme/default/template/common/footer.tpl on line 6
2015-06-08 7:00:56 - PHP Notice:  Undefined variable: text_account in /var/www/starbucks.com/catalog/view/theme/default/template/common/footer.tpl on line 22
2015-06-08 7:00:56 - PHP Notice:  Undefined variable: text_account in /var/www/starbucks.com/catalog/view/theme/default/template/common/footer.tpl on line 24
2015-06-08 7:00:56 - PHP Notice:  Undefined variable: text_order in /var/www/starbucks.com/catalog/view/theme/default/template/common/footer.tpl on line 25
2015-06-08 7:00:56 - PHP Notice:  Undefined variable: text_wishlist in /var/www/starbucks.com/catalog/view/theme/default/template/common/footer.tpl on line 26
2015-06-08 7:00:56 - PHP Notice:  Undefined variable: text_newsletter in /var/www/starbucks.com/catalog/view/theme/default/template/common/footer.tpl on line 27
2015-06-08 8:00:13 - PHP Notice:  Undefined index: list_title in /var/www/starbucks.com/admin/model/catalog/information.php on line 11
2015-06-08 8:00:13 - PHP Notice:  Undefined index: list_title in /var/www/starbucks.com/admin/model/catalog/information.php on line 11
2015-06-08 8:02:55 - PHP Notice:  Undefined index: list_title in /var/www/starbucks.com/admin/model/catalog/information.php on line 11
2015-06-08 8:02:55 - PHP Notice:  Undefined index: list_title in /var/www/starbucks.com/admin/model/catalog/information.php on line 11
2015-06-08 8:03:42 - PHP Notice:  Undefined index: list_title in /var/www/starbucks.com/admin/model/catalog/information.php on line 11
2015-06-08 8:03:42 - PHP Notice:  Undefined index: list_title in /var/www/starbucks.com/admin/model/catalog/information.php on line 11
2015-06-08 8:04:40 - PHP Notice:  Undefined index: list_title in /var/www/starbucks.com/admin/model/catalog/information.php on line 12
2015-06-08 8:04:40 - PHP Notice:  Undefined index: list_title in /var/www/starbucks.com/admin/model/catalog/information.php on line 12
2015-06-08 8:05:39 - PHP Notice:  Undefined index: list_title in /var/www/starbucks.com/admin/model/catalog/information.php on line 12
2015-06-08 8:05:39 - PHP Notice:  Undefined index: list_title in /var/www/starbucks.com/admin/model/catalog/information.php on line 12
2015-06-08 8:07:27 - PHP Notice:  Undefined index: list_title in /var/www/starbucks.com/admin/model/catalog/information.php on line 12
2015-06-08 8:07:27 - PHP Notice:  Undefined index: list_title in /var/www/starbucks.com/admin/model/catalog/information.php on line 12
2015-06-08 8:09:55 - PHP Notice:  Undefined index: list_title in /var/www/starbucks.com/admin/model/catalog/information.php on line 12
2015-06-08 8:09:55 - PHP Notice:  Undefined index: list_title in /var/www/starbucks.com/admin/model/catalog/information.php on line 12
2015-06-08 8:15:36 - PHP Notice:  Undefined index: href in /var/www/starbucks.com/catalog/view/theme/default/template/module/information.tpl on line 5
2015-06-08 8:15:36 - PHP Notice:  Undefined index: href in /var/www/starbucks.com/catalog/view/theme/default/template/module/information.tpl on line 5
2015-06-08 8:15:36 - PHP Notice:  Undefined index: href in /var/www/starbucks.com/catalog/view/theme/default/template/module/information.tpl on line 5
2015-06-08 8:15:36 - PHP Notice:  Undefined index: href in /var/www/starbucks.com/catalog/view/theme/default/template/module/information.tpl on line 5
2015-06-08 8:15:43 - PHP Notice:  Undefined index: href in /var/www/starbucks.com/catalog/view/theme/default/template/module/information.tpl on line 5
2015-06-08 8:15:43 - PHP Notice:  Undefined index: href in /var/www/starbucks.com/catalog/view/theme/default/template/module/information.tpl on line 5
2015-06-08 8:15:43 - PHP Notice:  Undefined index: href in /var/www/starbucks.com/catalog/view/theme/default/template/module/information.tpl on line 5
2015-06-08 8:15:43 - PHP Notice:  Undefined index: href in /var/www/starbucks.com/catalog/view/theme/default/template/module/information.tpl on line 5
2015-06-08 8:15:45 - PHP Notice:  Undefined index: href in /var/www/starbucks.com/catalog/view/theme/default/template/module/information.tpl on line 5
2015-06-08 8:15:45 - PHP Notice:  Undefined index: href in /var/www/starbucks.com/catalog/view/theme/default/template/module/information.tpl on line 5
2015-06-08 8:15:45 - PHP Notice:  Undefined index: href in /var/www/starbucks.com/catalog/view/theme/default/template/module/information.tpl on line 5
2015-06-08 8:15:45 - PHP Notice:  Undefined index: href in /var/www/starbucks.com/catalog/view/theme/default/template/module/information.tpl on line 5
2015-06-08 8:15:48 - PHP Notice:  Undefined index: href in /var/www/starbucks.com/catalog/view/theme/default/template/module/information.tpl on line 5
2015-06-08 8:15:48 - PHP Notice:  Undefined index: href in /var/www/starbucks.com/catalog/view/theme/default/template/module/information.tpl on line 5
2015-06-08 8:15:48 - PHP Notice:  Undefined index: href in /var/www/starbucks.com/catalog/view/theme/default/template/module/information.tpl on line 5
2015-06-08 8:15:48 - PHP Notice:  Undefined index: href in /var/www/starbucks.com/catalog/view/theme/default/template/module/information.tpl on line 5
2015-06-08 8:16:35 - PHP Notice:  Undefined index: href in /var/www/starbucks.com/catalog/view/theme/default/template/module/information.tpl on line 5
2015-06-08 8:16:35 - PHP Notice:  Undefined index: href in /var/www/starbucks.com/catalog/view/theme/default/template/module/information.tpl on line 5
2015-06-08 8:16:35 - PHP Notice:  Undefined index: href in /var/www/starbucks.com/catalog/view/theme/default/template/module/information.tpl on line 5
2015-06-08 8:16:35 - PHP Notice:  Undefined index: href in /var/www/starbucks.com/catalog/view/theme/default/template/module/information.tpl on line 5
2015-06-08 8:16:39 - PHP Notice:  Undefined index: href in /var/www/starbucks.com/catalog/view/theme/default/template/module/information.tpl on line 5
2015-06-08 8:16:39 - PHP Notice:  Undefined index: href in /var/www/starbucks.com/catalog/view/theme/default/template/module/information.tpl on line 5
2015-06-08 8:16:39 - PHP Notice:  Undefined index: href in /var/www/starbucks.com/catalog/view/theme/default/template/module/information.tpl on line 5
2015-06-08 8:16:39 - PHP Notice:  Undefined index: href in /var/www/starbucks.com/catalog/view/theme/default/template/module/information.tpl on line 5
2015-06-08 8:16:56 - PHP Notice:  Undefined index: href in /var/www/starbucks.com/catalog/view/theme/default/template/module/information.tpl on line 5
2015-06-08 8:16:59 - PHP Notice:  Undefined index: href in /var/www/starbucks.com/catalog/view/theme/default/template/module/information.tpl on line 5
2015-06-08 8:17:18 - PHP Notice:  Undefined index: href in /var/www/starbucks.com/catalog/view/theme/default/template/module/information.tpl on line 5
2015-06-08 8:17:18 - PHP Notice:  Undefined index: href in /var/www/starbucks.com/catalog/view/theme/default/template/module/information.tpl on line 5
2015-06-08 8:17:18 - PHP Notice:  Undefined index: href in /var/www/starbucks.com/catalog/view/theme/default/template/module/information.tpl on line 5
2015-06-08 8:17:18 - PHP Notice:  Undefined index: href in /var/www/starbucks.com/catalog/view/theme/default/template/module/information.tpl on line 5
2015-06-08 8:17:35 - PHP Notice:  Undefined index: href in /var/www/starbucks.com/catalog/view/theme/default/template/module/information.tpl on line 5
2015-06-08 8:17:35 - PHP Notice:  Undefined index: href in /var/www/starbucks.com/catalog/view/theme/default/template/module/information.tpl on line 5
2015-06-08 8:17:35 - PHP Notice:  Undefined index: href in /var/www/starbucks.com/catalog/view/theme/default/template/module/information.tpl on line 5
2015-06-08 8:17:35 - PHP Notice:  Undefined index: href in /var/www/starbucks.com/catalog/view/theme/default/template/module/information.tpl on line 5
2015-06-08 8:18:40 - PHP Notice:  Undefined index: href in /var/www/starbucks.com/catalog/view/theme/default/template/module/information.tpl on line 5
2015-06-08 8:18:40 - PHP Notice:  Undefined index: href in /var/www/starbucks.com/catalog/view/theme/default/template/module/information.tpl on line 5
2015-06-08 8:18:40 - PHP Notice:  Undefined index: href in /var/www/starbucks.com/catalog/view/theme/default/template/module/information.tpl on line 5
2015-06-08 8:18:40 - PHP Notice:  Undefined index: href in /var/www/starbucks.com/catalog/view/theme/default/template/module/information.tpl on line 5
2015-06-08 8:19:39 - PHP Notice:  Undefined index: href in /var/www/starbucks.com/catalog/view/theme/default/template/module/information.tpl on line 5
2015-06-08 8:19:39 - PHP Notice:  Undefined index: href in /var/www/starbucks.com/catalog/view/theme/default/template/module/information.tpl on line 5
2015-06-08 8:19:39 - PHP Notice:  Undefined index: href in /var/www/starbucks.com/catalog/view/theme/default/template/module/information.tpl on line 5
2015-06-08 8:19:39 - PHP Notice:  Undefined index: href in /var/www/starbucks.com/catalog/view/theme/default/template/module/information.tpl on line 5
2015-06-08 8:32:36 - PHP Notice:  Undefined index: href in /var/www/starbucks.com/catalog/view/theme/default/template/module/information.tpl on line 5
2015-06-08 8:32:45 - PHP Notice:  Undefined index: href in /var/www/starbucks.com/catalog/view/theme/default/template/module/information.tpl on line 5
2015-06-08 8:32:47 - PHP Notice:  Undefined index: href in /var/www/starbucks.com/catalog/view/theme/default/template/module/information.tpl on line 5
2015-06-08 8:32:48 - PHP Notice:  Undefined index: href in /var/www/starbucks.com/catalog/view/theme/default/template/module/information.tpl on line 5
2015-06-08 8:32:49 - PHP Notice:  Undefined index: href in /var/www/starbucks.com/catalog/view/theme/default/template/module/information.tpl on line 5
2015-06-08 8:43:18 - PHP Notice:  Undefined index: list_title in /var/www/starbucks.com/admin/model/catalog/information.php on line 53
2015-06-08 8:43:18 - PHP Notice:  Undefined index: list_title in /var/www/starbucks.com/admin/model/catalog/information.php on line 53
2015-06-08 8:49:08 - PHP Notice:  Undefined index: list_title in /var/www/starbucks.com/admin/view/template/catalog/information_form.tpl on line 73
2015-06-08 8:49:08 - PHP Notice:  Undefined index: list_title in /var/www/starbucks.com/admin/view/template/catalog/information_form.tpl on line 73
2015-06-08 8:50:11 - PHP Notice:  Undefined index: list_title in /var/www/starbucks.com/admin/view/template/catalog/information_form.tpl on line 71
2015-06-08 8:50:11 - PHP Notice:  Undefined index: list_title in /var/www/starbucks.com/admin/view/template/catalog/information_form.tpl on line 71
2015-06-08 8:54:10 - PHP Notice:  Undefined index: list_title in /var/www/starbucks.com/admin/model/catalog/information.php on line 53
2015-06-08 8:54:10 - PHP Notice:  Undefined index: list_title in /var/www/starbucks.com/admin/model/catalog/information.php on line 53
2015-06-08 9:36:15 - PHP Notice:  Undefined property: Loader::$url in /var/www/starbucks.com/catalog/view/theme/default/template/common/footer.tpl on line 3
2015-06-08 9:36:17 - PHP Notice:  Undefined property: Loader::$url in /var/www/starbucks.com/catalog/view/theme/default/template/common/footer.tpl on line 3
2015-06-08 9:36:18 - PHP Notice:  Undefined property: Loader::$url in /var/www/starbucks.com/catalog/view/theme/default/template/common/footer.tpl on line 3
2015-06-08 9:37:26 - PHP Notice:  Undefined property: Loader::$url in /var/www/starbucks.com/catalog/view/theme/default/template/common/footer.tpl on line 3
2015-06-08 9:37:27 - PHP Notice:  Undefined property: Loader::$url in /var/www/starbucks.com/catalog/view/theme/default/template/common/footer.tpl on line 3
2015-06-08 9:37:29 - PHP Notice:  Undefined property: Loader::$url in /var/www/starbucks.com/catalog/view/theme/default/template/common/footer.tpl on line 3
2015-06-08 9:37:29 - PHP Notice:  Undefined property: Loader::$url in /var/www/starbucks.com/catalog/view/theme/default/template/common/footer.tpl on line 3
2015-06-08 9:37:29 - PHP Notice:  Undefined property: Loader::$url in /var/www/starbucks.com/catalog/view/theme/default/template/common/footer.tpl on line 3
2015-06-08 9:37:29 - PHP Notice:  Undefined property: Loader::$url in /var/www/starbucks.com/catalog/view/theme/default/template/common/footer.tpl on line 3
2015-06-08 10:13:35 - PHP Notice:  Undefined variable: action in /var/www/starbucks.com/catalog/view/theme/default/template/common/header.tpl on line 65
2015-06-08 10:13:35 - PHP Notice:  Undefined variable: entry_email in /var/www/starbucks.com/catalog/view/theme/default/template/common/header.tpl on line 67
2015-06-08 10:13:35 - PHP Notice:  Undefined variable: email in /var/www/starbucks.com/catalog/view/theme/default/template/common/header.tpl on line 68
2015-06-08 10:13:35 - PHP Notice:  Undefined variable: entry_email in /var/www/starbucks.com/catalog/view/theme/default/template/common/header.tpl on line 68
2015-06-08 10:13:35 - PHP Notice:  Undefined variable: entry_password in /var/www/starbucks.com/catalog/view/theme/default/template/common/header.tpl on line 71
2015-06-08 10:13:35 - PHP Notice:  Undefined variable: password in /var/www/starbucks.com/catalog/view/theme/default/template/common/header.tpl on line 72
2015-06-08 10:13:35 - PHP Notice:  Undefined variable: entry_password in /var/www/starbucks.com/catalog/view/theme/default/template/common/header.tpl on line 72
2015-06-08 10:13:35 - PHP Notice:  Undefined variable: forgotten in /var/www/starbucks.com/catalog/view/theme/default/template/common/header.tpl on line 73
2015-06-08 10:13:35 - PHP Notice:  Undefined variable: text_forgotten in /var/www/starbucks.com/catalog/view/theme/default/template/common/header.tpl on line 73
2015-06-08 10:13:35 - PHP Notice:  Undefined variable: button_login in /var/www/starbucks.com/catalog/view/theme/default/template/common/header.tpl on line 74
2015-06-08 10:13:35 - PHP Notice:  Undefined variable: redirect in /var/www/starbucks.com/catalog/view/theme/default/template/common/header.tpl on line 75
2015-06-08 10:28:48 - PHP Notice:  Undefined index: fax in /var/www/starbucks.com/catalog/model/account/customer.php on line 16
2015-06-08 10:42:42 - PHP Notice:  Undefined index: fax in /var/www/starbucks.com/catalog/model/account/customer.php on line 103
2015-06-08 10:42:56 - PHP Notice:  Undefined index: fax in /var/www/starbucks.com/catalog/model/account/customer.php on line 103
2015-06-08 14:19:17 - PHP Notice:  Undefined variable: description in /var/www/starbucks.com/catalog/view/theme/default/template/product/product.tpl on line 48
2015-06-08 14:48:47 - PHP Notice:  Undefined index: model in /var/www/starbucks.com/admin/controller/catalog/product.php on line 1322
2015-06-08 14:48:58 - PHP Notice:  Undefined index: model in /var/www/starbucks.com/admin/controller/catalog/product.php on line 1322
2015-06-08 14:49:56 - PHP Notice:  Undefined index: model in /var/www/starbucks.com/admin/model/catalog/product.php on line 131
2015-06-08 14:51:53 - PHP Notice:  Undefined variable: column_model in /var/www/starbucks.com/catalog/view/theme/default/template/checkout/cart.tpl on line 44
2015-06-09 7:22:35 - PHP Notice:  Undefined variable: text_related in /var/www/starbucks.com/catalog/view/theme/default/template/product/category.tpl on line 108
2015-06-09 7:22:35 - PHP Notice:  Undefined variable: text_related in /var/www/starbucks.com/catalog/view/theme/default/template/product/category.tpl on line 108
2015-06-09 7:22:35 - PHP Notice:  Undefined variable: text_related in /var/www/starbucks.com/catalog/view/theme/default/template/product/category.tpl on line 108
2015-06-09 7:22:35 - PHP Notice:  Undefined variable: text_related in /var/www/starbucks.com/catalog/view/theme/default/template/product/category.tpl on line 108
2015-06-09 7:45:22 - PHP Notice:  Undefined index: id in /var/www/starbucks.com/catalog/view/theme/default/template/product/category.tpl on line 103
2015-06-09 7:45:22 - PHP Notice:  Undefined index: id in /var/www/starbucks.com/catalog/view/theme/default/template/product/category.tpl on line 103
2015-06-09 7:45:22 - PHP Notice:  Undefined index: id in /var/www/starbucks.com/catalog/view/theme/default/template/product/category.tpl on line 103
2015-06-09 7:45:22 - PHP Notice:  Undefined index: id in /var/www/starbucks.com/catalog/view/theme/default/template/product/category.tpl on line 103
2015-06-09 15:22:22 - PHP Notice:  Use of undefined constant thumb - assumed 'thumb' in /var/www/starbucks.com/catalog/view/theme/default/template/product/category.tpl on line 105
2015-06-09 15:22:22 - PHP Notice:  Use of undefined constant thumb - assumed 'thumb' in /var/www/starbucks.com/catalog/view/theme/default/template/product/category.tpl on line 105
2015-06-09 15:22:22 - PHP Notice:  Use of undefined constant thumb - assumed 'thumb' in /var/www/starbucks.com/catalog/view/theme/default/template/product/category.tpl on line 105
2015-06-09 15:22:22 - PHP Notice:  Use of undefined constant thumb - assumed 'thumb' in /var/www/starbucks.com/catalog/view/theme/default/template/product/category.tpl on line 105
2015-06-15 6:48:17 - PHP Notice:  Use of undefined constant parent_cat - assumed 'parent_cat' in /var/www/starbucks.com/admin/view/template/catalog/information_form.tpl on line 73
2015-06-15 6:48:17 - PHP Warning:  Invalid argument supplied for foreach() in /var/www/starbucks.com/admin/view/template/catalog/information_form.tpl on line 73
2015-06-15 6:48:17 - PHP Notice:  Use of undefined constant parent_cat - assumed 'parent_cat' in /var/www/starbucks.com/admin/view/template/catalog/information_form.tpl on line 73
2015-06-15 6:48:17 - PHP Warning:  Invalid argument supplied for foreach() in /var/www/starbucks.com/admin/view/template/catalog/information_form.tpl on line 73
2015-06-15 7:28:05 - PHP Notice:  Undefined index: list_title in /var/www/starbucks.com/admin/model/catalog/information.php on line 53
2015-06-15 7:28:05 - PHP Notice:  Undefined index: list_title in /var/www/starbucks.com/admin/model/catalog/information.php on line 53
2015-06-15 7:34:57 - PHP Notice:  Undefined index: parent in /var/www/starbucks.com/admin/controller/catalog/information.php on line 425
2015-06-15 7:36:20 - PHP Notice:  Undefined index: parent in /var/www/starbucks.com/admin/controller/catalog/information.php on line 425
2015-06-15 7:36:39 - PHP Notice:  Undefined index: parent in /var/www/starbucks.com/admin/controller/catalog/information.php on line 425
2015-06-15 7:37:16 - PHP Notice:  Undefined index: parent_id in /var/www/starbucks.com/admin/model/catalog/information.php on line 48
2015-06-15 7:37:16 - PHP Notice:  Undefined index: list_title in /var/www/starbucks.com/admin/model/catalog/information.php on line 53
2015-06-15 7:37:16 - PHP Notice:  Undefined index: list_title in /var/www/starbucks.com/admin/model/catalog/information.php on line 53
2015-06-15 7:37:55 - PHP Notice:  Undefined index: parent in /var/www/starbucks.com/admin/controller/catalog/information.php on line 425
2015-06-15 7:38:02 - PHP Notice:  Undefined index: parent_id in /var/www/starbucks.com/admin/model/catalog/information.php on line 48
2015-06-15 7:38:02 - PHP Notice:  Undefined index: list_title in /var/www/starbucks.com/admin/model/catalog/information.php on line 53
2015-06-15 7:38:02 - PHP Notice:  Undefined index: list_title in /var/www/starbucks.com/admin/model/catalog/information.php on line 53
2015-06-15 7:38:48 - PHP Notice:  Undefined index: parent in /var/www/starbucks.com/admin/controller/catalog/information.php on line 424
2015-06-15 7:38:55 - PHP Notice:  Undefined index: parent_id in /var/www/starbucks.com/admin/model/catalog/information.php on line 48
2015-06-15 7:38:55 - PHP Notice:  Undefined index: list_title in /var/www/starbucks.com/admin/model/catalog/information.php on line 53
2015-06-15 7:38:55 - PHP Notice:  Undefined index: list_title in /var/www/starbucks.com/admin/model/catalog/information.php on line 53
2015-06-15 7:38:55 - PHP Notice:  Undefined index: list_title in /var/www/starbucks.com/admin/view/template/catalog/information_form.tpl on line 81
2015-06-15 7:38:55 - PHP Notice:  Undefined index: list_title in /var/www/starbucks.com/admin/view/template/catalog/information_form.tpl on line 81
2015-06-15 7:42:17 - PHP Notice:  Undefined index: list_title in /var/www/starbucks.com/admin/model/catalog/information.php on line 53
2015-06-15 7:42:17 - PHP Notice:  Undefined index: list_title in /var/www/starbucks.com/admin/model/catalog/information.php on line 53
2015-06-15 7:42:21 - PHP Notice:  Undefined index: parent in /var/www/starbucks.com/admin/controller/catalog/information.php on line 425
2015-06-15 7:43:34 - PHP Notice:  Undefined index: list_title in /var/www/starbucks.com/admin/model/catalog/information.php on line 53
2015-06-15 7:43:34 - PHP Notice:  Undefined index: list_title in /var/www/starbucks.com/admin/model/catalog/information.php on line 53
2015-06-15 7:44:18 - PHP Notice:  Undefined index: list_title in /var/www/starbucks.com/admin/model/catalog/information.php on line 53
2015-06-15 7:44:18 - PHP Notice:  Undefined index: list_title in /var/www/starbucks.com/admin/model/catalog/information.php on line 53
2015-06-15 7:47:54 - PHP Notice:  Undefined index: parent in /var/www/starbucks.com/admin/controller/catalog/information.php on line 428
2015-06-15 7:48:18 - PHP Notice:  Undefined index: list_title in /var/www/starbucks.com/admin/model/catalog/information.php on line 53
2015-06-15 7:48:18 - PHP Notice:  Undefined index: list_title in /var/www/starbucks.com/admin/model/catalog/information.php on line 53
2015-06-15 7:48:18 - PHP Notice:  Undefined index: list_title in /var/www/starbucks.com/admin/view/template/catalog/information_form.tpl on line 82
2015-06-15 7:48:18 - PHP Notice:  Undefined index: list_title in /var/www/starbucks.com/admin/view/template/catalog/information_form.tpl on line 82
2015-06-15 7:48:49 - PHP Notice:  Undefined index: list_title in /var/www/starbucks.com/admin/model/catalog/information.php on line 53
2015-06-15 7:48:49 - PHP Notice:  Undefined index: list_title in /var/www/starbucks.com/admin/model/catalog/information.php on line 53
2015-06-15 7:48:49 - PHP Notice:  Undefined index: list_title in /var/www/starbucks.com/admin/view/template/catalog/information_form.tpl on line 82
2015-06-15 7:48:49 - PHP Notice:  Undefined index: list_title in /var/www/starbucks.com/admin/view/template/catalog/information_form.tpl on line 82
2015-06-15 7:50:24 - PHP Notice:  Undefined index: list_title in /var/www/starbucks.com/admin/model/catalog/information.php on line 53
2015-06-15 7:50:24 - PHP Notice:  Undefined index: list_title in /var/www/starbucks.com/admin/model/catalog/information.php on line 53
2015-06-15 7:50:24 - PHP Notice:  Undefined index: list_title in /var/www/starbucks.com/admin/view/template/catalog/information_form.tpl on line 84
2015-06-15 7:50:24 - PHP Notice:  Undefined index: list_title in /var/www/starbucks.com/admin/view/template/catalog/information_form.tpl on line 84
2015-06-15 7:50:37 - PHP Notice:  Undefined index: list_title in /var/www/starbucks.com/admin/model/catalog/information.php on line 53
2015-06-15 7:50:37 - PHP Notice:  Undefined index: list_title in /var/www/starbucks.com/admin/model/catalog/information.php on line 53
2015-06-15 7:50:37 - PHP Notice:  Undefined index: list_title in /var/www/starbucks.com/admin/view/template/catalog/information_form.tpl on line 84
2015-06-15 7:50:37 - PHP Notice:  Undefined index: list_title in /var/www/starbucks.com/admin/view/template/catalog/information_form.tpl on line 84
2015-06-15 8:06:31 - PHP Notice:  Undefined index: list_title in /var/www/starbucks.com/admin/model/catalog/information.php on line 53
2015-06-15 8:06:31 - PHP Notice:  Undefined index: list_title in /var/www/starbucks.com/admin/model/catalog/information.php on line 53
2015-06-15 8:06:31 - PHP Notice:  Undefined index: list_title in /var/www/starbucks.com/admin/view/template/catalog/information_form.tpl on line 84
2015-06-15 8:06:31 - PHP Notice:  Undefined index: list_title in /var/www/starbucks.com/admin/view/template/catalog/information_form.tpl on line 84
2015-06-15 8:08:13 - PHP Notice:  Undefined index: list_title in /var/www/starbucks.com/admin/model/catalog/information.php on line 53
2015-06-15 8:08:13 - PHP Notice:  Undefined index: list_title in /var/www/starbucks.com/admin/model/catalog/information.php on line 53
2015-06-15 8:08:13 - PHP Notice:  Undefined index: list_title in /var/www/starbucks.com/admin/view/template/catalog/information_form.tpl on line 83
2015-06-15 8:08:13 - PHP Notice:  Undefined index: list_title in /var/www/starbucks.com/admin/view/template/catalog/information_form.tpl on line 83
2015-06-15 8:08:30 - PHP Notice:  Undefined index: list_title in /var/www/starbucks.com/admin/model/catalog/information.php on line 53
2015-06-15 8:08:30 - PHP Notice:  Undefined index: list_title in /var/www/starbucks.com/admin/model/catalog/information.php on line 53
2015-06-15 8:08:30 - PHP Notice:  Undefined index: list_title in /var/www/starbucks.com/admin/view/template/catalog/information_form.tpl on line 83
2015-06-15 8:08:30 - PHP Notice:  Undefined index: list_title in /var/www/starbucks.com/admin/view/template/catalog/information_form.tpl on line 83
2015-06-15 8:08:56 - PHP Notice:  Undefined index: list_title in /var/www/starbucks.com/admin/model/catalog/information.php on line 53
2015-06-15 8:08:56 - PHP Notice:  Undefined index: list_title in /var/www/starbucks.com/admin/model/catalog/information.php on line 53
2015-06-15 8:08:56 - PHP Notice:  Undefined index: list_title in /var/www/starbucks.com/admin/view/template/catalog/information_form.tpl on line 83
2015-06-15 8:08:56 - PHP Notice:  Undefined index: list_title in /var/www/starbucks.com/admin/view/template/catalog/information_form.tpl on line 83
2015-06-15 8:09:29 - PHP Notice:  Undefined index: list_title in /var/www/starbucks.com/admin/view/template/catalog/information_form.tpl on line 83
2015-06-15 8:09:29 - PHP Notice:  Undefined index: list_title in /var/www/starbucks.com/admin/view/template/catalog/information_form.tpl on line 83
2015-06-15 8:10:48 - PHP Notice:  Undefined index: list_title in /var/www/starbucks.com/admin/model/catalog/information.php on line 53
2015-06-15 8:10:48 - PHP Notice:  Undefined index: list_title in /var/www/starbucks.com/admin/model/catalog/information.php on line 53
2015-06-15 8:10:48 - PHP Notice:  Undefined index: list_title in /var/www/starbucks.com/admin/view/template/catalog/information_form.tpl on line 83
2015-06-15 8:10:48 - PHP Notice:  Undefined index: list_title in /var/www/starbucks.com/admin/view/template/catalog/information_form.tpl on line 83
2015-06-15 8:12:35 - PHP Notice:  Undefined index: list_title in /var/www/starbucks.com/admin/model/catalog/information.php on line 53
2015-06-15 8:12:35 - PHP Notice:  Undefined index: list_title in /var/www/starbucks.com/admin/model/catalog/information.php on line 53
2015-06-15 8:12:35 - PHP Notice:  Undefined index: list_title in /var/www/starbucks.com/admin/view/template/catalog/information_form.tpl on line 83
2015-06-15 8:12:35 - PHP Notice:  Undefined index: list_title in /var/www/starbucks.com/admin/view/template/catalog/information_form.tpl on line 83
2015-06-15 8:12:53 - PHP Notice:  Undefined index: list_title in /var/www/starbucks.com/admin/model/catalog/information.php on line 53
2015-06-15 8:12:53 - PHP Notice:  Undefined index: list_title in /var/www/starbucks.com/admin/model/catalog/information.php on line 53
2015-06-15 8:12:53 - PHP Notice:  Undefined index: list_title in /var/www/starbucks.com/admin/view/template/catalog/information_form.tpl on line 83
2015-06-15 8:12:53 - PHP Notice:  Undefined index: list_title in /var/www/starbucks.com/admin/view/template/catalog/information_form.tpl on line 83
2015-06-15 8:13:20 - PHP Notice:  Undefined index: list_title in /var/www/starbucks.com/admin/model/catalog/information.php on line 53
2015-06-15 8:13:20 - PHP Notice:  Undefined index: list_title in /var/www/starbucks.com/admin/model/catalog/information.php on line 53
2015-06-15 8:13:20 - PHP Notice:  Undefined index: list_title in /var/www/starbucks.com/admin/view/template/catalog/information_form.tpl on line 83
2015-06-15 8:13:20 - PHP Notice:  Undefined index: list_title in /var/www/starbucks.com/admin/view/template/catalog/information_form.tpl on line 83
2015-06-15 8:14:03 - PHP Notice:  Undefined index: list_title in /var/www/starbucks.com/admin/model/catalog/information.php on line 53
2015-06-15 8:14:03 - PHP Notice:  Undefined index: list_title in /var/www/starbucks.com/admin/model/catalog/information.php on line 53
2015-06-15 8:14:03 - PHP Notice:  Undefined index: list_title in /var/www/starbucks.com/admin/view/template/catalog/information_form.tpl on line 83
2015-06-15 8:14:03 - PHP Notice:  Undefined index: list_title in /var/www/starbucks.com/admin/view/template/catalog/information_form.tpl on line 83
2015-06-15 8:14:22 - PHP Notice:  Undefined index: list_title in /var/www/starbucks.com/admin/model/catalog/information.php on line 53
2015-06-15 8:14:22 - PHP Notice:  Undefined index: list_title in /var/www/starbucks.com/admin/model/catalog/information.php on line 53
2015-06-15 8:14:22 - PHP Notice:  Undefined index: list_title in /var/www/starbucks.com/admin/view/template/catalog/information_form.tpl on line 83
2015-06-15 8:14:22 - PHP Notice:  Undefined index: list_title in /var/www/starbucks.com/admin/view/template/catalog/information_form.tpl on line 83
2015-06-15 8:15:10 - PHP Notice:  Undefined index: list_title in /var/www/starbucks.com/admin/model/catalog/information.php on line 53
2015-06-15 8:15:10 - PHP Notice:  Undefined index: list_title in /var/www/starbucks.com/admin/model/catalog/information.php on line 53
2015-06-15 8:15:10 - PHP Notice:  Undefined index: list_title in /var/www/starbucks.com/admin/view/template/catalog/information_form.tpl on line 83
2015-06-15 8:15:10 - PHP Notice:  Undefined index: list_title in /var/www/starbucks.com/admin/view/template/catalog/information_form.tpl on line 83
2015-06-15 8:15:41 - PHP Notice:  Undefined index: list_title in /var/www/starbucks.com/admin/model/catalog/information.php on line 53
2015-06-15 8:15:41 - PHP Notice:  Undefined index: list_title in /var/www/starbucks.com/admin/model/catalog/information.php on line 53
2015-06-15 8:15:41 - PHP Notice:  Undefined index: list_title in /var/www/starbucks.com/admin/view/template/catalog/information_form.tpl on line 83
2015-06-15 8:15:41 - PHP Notice:  Undefined index: list_title in /var/www/starbucks.com/admin/view/template/catalog/information_form.tpl on line 83
2015-06-15 8:15:56 - PHP Notice:  Undefined index: list_title in /var/www/starbucks.com/admin/model/catalog/information.php on line 53
2015-06-15 8:15:56 - PHP Notice:  Undefined index: list_title in /var/www/starbucks.com/admin/model/catalog/information.php on line 53
2015-06-15 8:15:56 - PHP Notice:  Undefined index: list_title in /var/www/starbucks.com/admin/view/template/catalog/information_form.tpl on line 83
2015-06-15 8:15:56 - PHP Notice:  Undefined index: list_title in /var/www/starbucks.com/admin/view/template/catalog/information_form.tpl on line 83
2015-06-15 8:16:23 - PHP Notice:  Undefined index: list_title in /var/www/starbucks.com/admin/model/catalog/information.php on line 53
2015-06-15 8:16:23 - PHP Notice:  Undefined index: list_title in /var/www/starbucks.com/admin/model/catalog/information.php on line 53
2015-06-15 8:16:23 - PHP Notice:  Undefined index: list_title in /var/www/starbucks.com/admin/view/template/catalog/information_form.tpl on line 83
2015-06-15 8:16:23 - PHP Notice:  Undefined index: list_title in /var/www/starbucks.com/admin/view/template/catalog/information_form.tpl on line 83
2015-06-15 8:19:06 - PHP Notice:  Undefined index: list_title in /var/www/starbucks.com/admin/model/catalog/information.php on line 53
2015-06-15 8:19:06 - PHP Notice:  Undefined index: list_title in /var/www/starbucks.com/admin/model/catalog/information.php on line 53
2015-06-15 8:19:06 - PHP Notice:  Undefined index: list_title in /var/www/starbucks.com/admin/view/template/catalog/information_form.tpl on line 81
2015-06-15 8:19:06 - PHP Notice:  Undefined index: list_title in /var/www/starbucks.com/admin/view/template/catalog/information_form.tpl on line 81
2015-06-15 8:19:43 - PHP Notice:  Undefined index: list_title in /var/www/starbucks.com/admin/model/catalog/information.php on line 53
2015-06-15 8:19:43 - PHP Notice:  Undefined index: list_title in /var/www/starbucks.com/admin/model/catalog/information.php on line 53
2015-06-15 8:19:43 - PHP Notice:  Undefined index: list_title in /var/www/starbucks.com/admin/view/template/catalog/information_form.tpl on line 81
2015-06-15 8:19:43 - PHP Notice:  Undefined index: list_title in /var/www/starbucks.com/admin/view/template/catalog/information_form.tpl on line 81
2015-06-15 8:21:30 - PHP Notice:  Undefined index: list_title in /var/www/starbucks.com/admin/model/catalog/information.php on line 53
2015-06-15 8:21:30 - PHP Notice:  Undefined index: list_title in /var/www/starbucks.com/admin/model/catalog/information.php on line 53
2015-06-15 8:21:30 - PHP Notice:  Undefined index: list_title in /var/www/starbucks.com/admin/view/template/catalog/information_form.tpl on line 81
2015-06-15 8:21:30 - PHP Notice:  Undefined index: list_title in /var/www/starbucks.com/admin/view/template/catalog/information_form.tpl on line 81
2015-06-15 8:41:51 - PHP Notice:  Undefined index: language_id in /var/www/starbucks.com/admin/view/template/catalog/information_form.tpl on line 73
2015-06-15 8:41:51 - PHP Notice:  Undefined index: language_id in /var/www/starbucks.com/admin/view/template/catalog/information_form.tpl on line 73
2015-06-15 8:41:51 - PHP Notice:  Undefined index: language_id in /var/www/starbucks.com/admin/view/template/catalog/information_form.tpl on line 73
2015-06-15 8:41:51 - PHP Notice:  Undefined index: language_id in /var/www/starbucks.com/admin/view/template/catalog/information_form.tpl on line 73
2015-06-15 8:41:51 - PHP Notice:  Undefined index: language_id in /var/www/starbucks.com/admin/view/template/catalog/information_form.tpl on line 73
2015-06-15 8:41:51 - PHP Notice:  Undefined index: language_id in /var/www/starbucks.com/admin/view/template/catalog/information_form.tpl on line 73
2015-06-15 8:41:51 - PHP Notice:  Undefined index: language_id in /var/www/starbucks.com/admin/view/template/catalog/information_form.tpl on line 73
2015-06-15 8:41:51 - PHP Notice:  Undefined index: language_id in /var/www/starbucks.com/admin/view/template/catalog/information_form.tpl on line 73
2015-06-15 8:41:51 - PHP Notice:  Undefined index: language_id in /var/www/starbucks.com/admin/view/template/catalog/information_form.tpl on line 73
2015-06-15 8:41:51 - PHP Notice:  Undefined index: language_id in /var/www/starbucks.com/admin/view/template/catalog/information_form.tpl on line 73
2015-06-15 8:41:51 - PHP Notice:  Undefined index: language_id in /var/www/starbucks.com/admin/view/template/catalog/information_form.tpl on line 73
2015-06-15 8:41:51 - PHP Notice:  Undefined index: language_id in /var/www/starbucks.com/admin/view/template/catalog/information_form.tpl on line 73
2015-06-15 8:41:51 - PHP Notice:  Undefined index: language_id in /var/www/starbucks.com/admin/view/template/catalog/information_form.tpl on line 73
2015-06-15 8:41:51 - PHP Notice:  Undefined index: language_id in /var/www/starbucks.com/admin/view/template/catalog/information_form.tpl on line 73
2015-06-15 8:41:51 - PHP Notice:  Undefined index: language_id in /var/www/starbucks.com/admin/view/template/catalog/information_form.tpl on line 73
2015-06-15 8:41:51 - PHP Notice:  Undefined index: language_id in /var/www/starbucks.com/admin/view/template/catalog/information_form.tpl on line 73
2015-06-15 8:41:51 - PHP Notice:  Undefined index: language_id in /var/www/starbucks.com/admin/view/template/catalog/information_form.tpl on line 73
2015-06-15 8:41:51 - PHP Notice:  Undefined index: language_id in /var/www/starbucks.com/admin/view/template/catalog/information_form.tpl on line 73
2015-06-15 8:41:51 - PHP Notice:  Undefined index: language_id in /var/www/starbucks.com/admin/view/template/catalog/information_form.tpl on line 73
2015-06-15 8:41:51 - PHP Notice:  Undefined index: language_id in /var/www/starbucks.com/admin/view/template/catalog/information_form.tpl on line 73
2015-06-15 8:41:51 - PHP Notice:  Undefined index: language_id in /var/www/starbucks.com/admin/view/template/catalog/information_form.tpl on line 73
2015-06-15 8:41:51 - PHP Notice:  Undefined index: language_id in /var/www/starbucks.com/admin/view/template/catalog/information_form.tpl on line 73
2015-06-15 8:41:51 - PHP Notice:  Undefined index: language_id in /var/www/starbucks.com/admin/view/template/catalog/information_form.tpl on line 73
2015-06-15 8:41:51 - PHP Notice:  Undefined index: language_id in /var/www/starbucks.com/admin/view/template/catalog/information_form.tpl on line 73
2015-06-15 8:42:50 - PHP Notice:  Undefined index: list_title in /var/www/starbucks.com/admin/model/catalog/information.php on line 53
2015-06-15 8:42:50 - PHP Notice:  Undefined index: list_title in /var/www/starbucks.com/admin/model/catalog/information.php on line 53
2015-06-15 8:42:50 - PHP Notice:  Undefined index: list_title in /var/www/starbucks.com/admin/view/template/catalog/information_form.tpl on line 80
2015-06-15 8:42:50 - PHP Notice:  Undefined index: list_title in /var/www/starbucks.com/admin/view/template/catalog/information_form.tpl on line 80
2015-06-15 8:52:44 - PHP Notice:  Undefined index: list_title in /var/www/starbucks.com/admin/model/catalog/information.php on line 53
2015-06-15 8:52:44 - PHP Notice:  Undefined index: list_title in /var/www/starbucks.com/admin/model/catalog/information.php on line 53
2015-06-15 8:52:45 - PHP Notice:  Undefined index: list_title in /var/www/starbucks.com/admin/view/template/catalog/information_form.tpl on line 80
2015-06-15 8:52:45 - PHP Notice:  Undefined index: list_title in /var/www/starbucks.com/admin/view/template/catalog/information_form.tpl on line 80
2015-06-15 8:53:43 - PHP Notice:  Undefined index: list_title in /var/www/starbucks.com/admin/model/catalog/information.php on line 53
2015-06-15 8:53:43 - PHP Notice:  Undefined index: list_title in /var/www/starbucks.com/admin/model/catalog/information.php on line 53
2015-06-15 8:53:43 - PHP Notice:  Undefined index: list_title in /var/www/starbucks.com/admin/view/template/catalog/information_form.tpl on line 85
2015-06-15 8:53:43 - PHP Notice:  Undefined index: list_title in /var/www/starbucks.com/admin/view/template/catalog/information_form.tpl on line 85
2015-06-15 8:56:21 - PHP Notice:  Undefined index: list_title in /var/www/starbucks.com/admin/view/template/catalog/information_form.tpl on line 81
2015-06-15 8:56:21 - PHP Notice:  Undefined index: list_title in /var/www/starbucks.com/admin/view/template/catalog/information_form.tpl on line 81
2015-06-15 8:57:19 - PHP Notice:  Undefined index: list_title in /var/www/starbucks.com/admin/model/catalog/information.php on line 53
2015-06-15 8:57:19 - PHP Notice:  Undefined index: list_title in /var/www/starbucks.com/admin/model/catalog/information.php on line 53
2015-06-15 8:57:19 - PHP Notice:  Undefined index: list_title in /var/www/starbucks.com/admin/view/template/catalog/information_form.tpl on line 81
2015-06-15 8:57:19 - PHP Notice:  Undefined index: list_title in /var/www/starbucks.com/admin/view/template/catalog/information_form.tpl on line 81
2015-06-15 8:57:49 - PHP Notice:  Undefined index: list_title in /var/www/starbucks.com/admin/model/catalog/information.php on line 53
2015-06-15 8:57:49 - PHP Notice:  Undefined index: list_title in /var/www/starbucks.com/admin/model/catalog/information.php on line 53
2015-06-15 8:57:49 - PHP Notice:  Undefined index: list_title in /var/www/starbucks.com/admin/view/template/catalog/information_form.tpl on line 81
2015-06-15 8:57:49 - PHP Notice:  Undefined index: list_title in /var/www/starbucks.com/admin/view/template/catalog/information_form.tpl on line 81
2015-06-15 8:58:00 - PHP Notice:  Undefined index: list_title in /var/www/starbucks.com/admin/model/catalog/information.php on line 53
2015-06-15 8:58:00 - PHP Notice:  Undefined index: list_title in /var/www/starbucks.com/admin/model/catalog/information.php on line 53
2015-06-15 8:58:00 - PHP Notice:  Undefined index: list_title in /var/www/starbucks.com/admin/view/template/catalog/information_form.tpl on line 81
2015-06-15 8:58:00 - PHP Notice:  Undefined index: list_title in /var/www/starbucks.com/admin/view/template/catalog/information_form.tpl on line 81
2015-06-15 8:58:20 - PHP Notice:  Undefined index: list_title in /var/www/starbucks.com/admin/model/catalog/information.php on line 53
2015-06-15 8:58:20 - PHP Notice:  Undefined index: list_title in /var/www/starbucks.com/admin/model/catalog/information.php on line 53
2015-06-15 8:58:20 - PHP Notice:  Undefined index: list_title in /var/www/starbucks.com/admin/view/template/catalog/information_form.tpl on line 81
2015-06-15 8:58:20 - PHP Notice:  Undefined index: list_title in /var/www/starbucks.com/admin/view/template/catalog/information_form.tpl on line 81
2015-06-15 8:58:27 - PHP Notice:  Undefined index: list_title in /var/www/starbucks.com/admin/model/catalog/information.php on line 53
2015-06-15 8:58:27 - PHP Notice:  Undefined index: list_title in /var/www/starbucks.com/admin/model/catalog/information.php on line 53
2015-06-15 8:58:27 - PHP Notice:  Undefined index: list_title in /var/www/starbucks.com/admin/view/template/catalog/information_form.tpl on line 81
2015-06-15 8:58:27 - PHP Notice:  Undefined index: list_title in /var/www/starbucks.com/admin/view/template/catalog/information_form.tpl on line 81
2015-06-15 8:58:36 - PHP Notice:  Undefined index: list_title in /var/www/starbucks.com/admin/model/catalog/information.php on line 53
2015-06-15 8:58:36 - PHP Notice:  Undefined index: list_title in /var/www/starbucks.com/admin/model/catalog/information.php on line 53
2015-06-15 8:58:36 - PHP Notice:  Undefined index: list_title in /var/www/starbucks.com/admin/view/template/catalog/information_form.tpl on line 81
2015-06-15 8:58:36 - PHP Notice:  Undefined index: list_title in /var/www/starbucks.com/admin/view/template/catalog/information_form.tpl on line 81
2015-06-15 9:00:14 - PHP Notice:  Undefined index: list_title in /var/www/starbucks.com/admin/model/catalog/information.php on line 53
2015-06-15 9:00:14 - PHP Notice:  Undefined index: list_title in /var/www/starbucks.com/admin/model/catalog/information.php on line 53
2015-06-15 9:00:14 - PHP Notice:  Undefined index: list_title in /var/www/starbucks.com/admin/view/template/catalog/information_form.tpl on line 81
2015-06-15 9:00:14 - PHP Notice:  Undefined index: list_title in /var/www/starbucks.com/admin/view/template/catalog/information_form.tpl on line 81
2015-06-15 9:00:27 - PHP Notice:  Undefined index: list_title in /var/www/starbucks.com/admin/model/catalog/information.php on line 53
2015-06-15 9:00:27 - PHP Notice:  Undefined index: list_title in /var/www/starbucks.com/admin/model/catalog/information.php on line 53
2015-06-15 9:00:27 - PHP Notice:  Undefined index: list_title in /var/www/starbucks.com/admin/view/template/catalog/information_form.tpl on line 81
2015-06-15 9:00:27 - PHP Notice:  Undefined index: list_title in /var/www/starbucks.com/admin/view/template/catalog/information_form.tpl on line 81
2015-06-15 9:00:44 - PHP Notice:  Undefined index: list_title in /var/www/starbucks.com/admin/model/catalog/information.php on line 53
2015-06-15 9:00:44 - PHP Notice:  Undefined index: list_title in /var/www/starbucks.com/admin/model/catalog/information.php on line 53
2015-06-15 9:00:44 - PHP Notice:  Undefined index: list_title in /var/www/starbucks.com/admin/view/template/catalog/information_form.tpl on line 81
2015-06-15 9:00:44 - PHP Notice:  Undefined index: list_title in /var/www/starbucks.com/admin/view/template/catalog/information_form.tpl on line 81
2015-06-15 9:01:52 - PHP Notice:  Undefined index: list_title in /var/www/starbucks.com/admin/model/catalog/information.php on line 53
2015-06-15 9:01:52 - PHP Notice:  Undefined index: list_title in /var/www/starbucks.com/admin/model/catalog/information.php on line 53
2015-06-15 9:01:52 - PHP Notice:  Undefined index: list_title in /var/www/starbucks.com/admin/view/template/catalog/information_form.tpl on line 82
2015-06-15 9:01:52 - PHP Notice:  Undefined index: list_title in /var/www/starbucks.com/admin/view/template/catalog/information_form.tpl on line 82
2015-06-15 9:02:36 - PHP Notice:  Undefined index: list_title in /var/www/starbucks.com/admin/model/catalog/information.php on line 53
2015-06-15 9:02:36 - PHP Notice:  Undefined index: list_title in /var/www/starbucks.com/admin/model/catalog/information.php on line 53
2015-06-15 9:02:36 - PHP Notice:  Undefined index: list_title in /var/www/starbucks.com/admin/view/template/catalog/information_form.tpl on line 82
2015-06-15 9:02:36 - PHP Notice:  Undefined index: list_title in /var/www/starbucks.com/admin/view/template/catalog/information_form.tpl on line 82
2015-06-15 9:02:59 - PHP Notice:  Undefined index: list_title in /var/www/starbucks.com/admin/model/catalog/information.php on line 53
2015-06-15 9:02:59 - PHP Notice:  Undefined index: list_title in /var/www/starbucks.com/admin/model/catalog/information.php on line 53
2015-06-15 9:02:59 - PHP Notice:  Undefined index: list_title in /var/www/starbucks.com/admin/view/template/catalog/information_form.tpl on line 82
2015-06-15 9:02:59 - PHP Notice:  Undefined index: list_title in /var/www/starbucks.com/admin/view/template/catalog/information_form.tpl on line 82
2015-06-15 9:03:46 - PHP Notice:  Undefined index: list_title in /var/www/starbucks.com/admin/model/catalog/information.php on line 53
2015-06-15 9:03:46 - PHP Notice:  Undefined index: list_title in /var/www/starbucks.com/admin/model/catalog/information.php on line 53
2015-06-15 9:03:47 - PHP Notice:  Undefined index: list_title in /var/www/starbucks.com/admin/view/template/catalog/information_form.tpl on line 82
2015-06-15 9:03:47 - PHP Notice:  Undefined index: list_title in /var/www/starbucks.com/admin/view/template/catalog/information_form.tpl on line 82
2015-06-15 9:04:04 - PHP Notice:  Undefined index: list_title in /var/www/starbucks.com/admin/model/catalog/information.php on line 53
2015-06-15 9:04:04 - PHP Notice:  Undefined index: list_title in /var/www/starbucks.com/admin/model/catalog/information.php on line 53
2015-06-15 9:04:04 - PHP Notice:  Undefined index: informatin_id in /var/www/starbucks.com/admin/view/template/catalog/information_form.tpl on line 74
2015-06-15 9:04:04 - PHP Notice:  Undefined index: informatin_id in /var/www/starbucks.com/admin/view/template/catalog/information_form.tpl on line 74
2015-06-15 9:04:04 - PHP Notice:  Undefined index: informatin_id in /var/www/starbucks.com/admin/view/template/catalog/information_form.tpl on line 74
2015-06-15 9:04:04 - PHP Notice:  Undefined index: informatin_id in /var/www/starbucks.com/admin/view/template/catalog/information_form.tpl on line 74
2015-06-15 9:04:04 - PHP Notice:  Undefined index: informatin_id in /var/www/starbucks.com/admin/view/template/catalog/information_form.tpl on line 74
2015-06-15 9:04:04 - PHP Notice:  Undefined index: informatin_id in /var/www/starbucks.com/admin/view/template/catalog/information_form.tpl on line 74
2015-06-15 9:04:04 - PHP Notice:  Undefined index: list_title in /var/www/starbucks.com/admin/view/template/catalog/information_form.tpl on line 81
2015-06-15 9:04:04 - PHP Notice:  Undefined index: informatin_id in /var/www/starbucks.com/admin/view/template/catalog/information_form.tpl on line 74
2015-06-15 9:04:04 - PHP Notice:  Undefined index: informatin_id in /var/www/starbucks.com/admin/view/template/catalog/information_form.tpl on line 74
2015-06-15 9:04:04 - PHP Notice:  Undefined index: informatin_id in /var/www/starbucks.com/admin/view/template/catalog/information_form.tpl on line 74
2015-06-15 9:04:04 - PHP Notice:  Undefined index: informatin_id in /var/www/starbucks.com/admin/view/template/catalog/information_form.tpl on line 74
2015-06-15 9:04:04 - PHP Notice:  Undefined index: informatin_id in /var/www/starbucks.com/admin/view/template/catalog/information_form.tpl on line 74
2015-06-15 9:04:04 - PHP Notice:  Undefined index: informatin_id in /var/www/starbucks.com/admin/view/template/catalog/information_form.tpl on line 74
2015-06-15 9:04:04 - PHP Notice:  Undefined index: list_title in /var/www/starbucks.com/admin/view/template/catalog/information_form.tpl on line 81
2015-06-15 9:04:32 - PHP Notice:  Undefined index: list_title in /var/www/starbucks.com/admin/model/catalog/information.php on line 53
2015-06-15 9:04:32 - PHP Notice:  Undefined index: list_title in /var/www/starbucks.com/admin/model/catalog/information.php on line 53
2015-06-15 9:04:32 - PHP Notice:  Undefined index: list_title in /var/www/starbucks.com/admin/view/template/catalog/information_form.tpl on line 81
2015-06-15 9:04:32 - PHP Notice:  Undefined index: list_title in /var/www/starbucks.com/admin/view/template/catalog/information_form.tpl on line 81
2015-06-15 9:04:38 - PHP Notice:  Undefined index: list_title in /var/www/starbucks.com/admin/model/catalog/information.php on line 53
2015-06-15 9:04:38 - PHP Notice:  Undefined index: list_title in /var/www/starbucks.com/admin/model/catalog/information.php on line 53
2015-06-15 9:04:38 - PHP Notice:  Undefined index: list_title in /var/www/starbucks.com/admin/view/template/catalog/information_form.tpl on line 81
2015-06-15 9:04:38 - PHP Notice:  Undefined index: list_title in /var/www/starbucks.com/admin/view/template/catalog/information_form.tpl on line 81
